
> metro-card-bot@1.0.0 start
> ts-node src/index.ts

Starting Metro Card Bot...
npm ERR! path /home/opc/telegram-bot/metro-card-bot
npm ERR! command failed
npm ERR! signal SIGHUP
npm ERR! command sh -c -- ts-node src/index.ts

npm ERR! A complete log of this run can be found in:
npm ERR!     /home/opc/.npm/_logs/2025-07-28T11_50_07_145Z-debug-0.log

> metro-card-bot@1.0.0 start
> ts-node src/index.ts

Starting Metro Card Bot...
npm ERR! path /home/opc/telegram-bot/metro-card-bot
npm ERR! command failed
npm ERR! signal SIGHUP
npm ERR! command sh -c -- ts-node src/index.ts

npm ERR! A complete log of this run can be found in:
npm ERR!     /home/opc/.npm/_logs/2025-07-28T12_19_25_452Z-debug-0.log

> metro-card-bot@1.0.0 start
> ts-node src/index.ts

Starting Metro Card Bot...
npm ERR! path /home/opc/telegram-bot/metro-card-bot
npm ERR! command failed
npm ERR! signal SIGHUP
npm ERR! command sh -c -- ts-node src/index.ts

npm ERR! A complete log of this run can be found in:
npm ERR!     /home/opc/.npm/_logs/2025-07-28T12_20_49_917Z-debug-0.log

> metro-card-bot@1.0.0 start
> ts-node src/index.ts

Starting Metro Card Bot...
